2020-12-10 13:04:44.517  INFO 14568 --- [main] com.xueyi.exam.ExamApplication           : Starting ExamApplication using Java 1.8.0_144 on SKY-20200102TDU with PID 14568 (C:\Users\Administrator\Desktop\exam\target\classes started by Administrator in C:\Users\Administrator\Desktop\exam)
2020-12-10 13:04:44.521  INFO 14568 --- [main] com.xueyi.exam.ExamApplication           : No active profile set, falling back to default profiles: default
2020-12-10 13:04:45.136  INFO 14568 --- [main] .s.d.r.c.RepositoryConfigurationDelegate : Multiple Spring Data modules found, entering strict repository configuration mode!
2020-12-10 13:04:45.137  INFO 14568 --- [main] .s.d.r.c.RepositoryConfigurationDelegate : Bootstrapping Spring Data Redis repositories in DEFAULT mode.
2020-12-10 13:04:45.167  INFO 14568 --- [main] .s.d.r.c.RepositoryConfigurationDelegate : Finished Spring Data repository scanning in 19 ms. Found 0 Redis repository interfaces.
2020-12-10 13:04:45.326  INFO 14568 --- [main] trationDelegate$BeanPostProcessorChecker : Bean 'shiroConfig' of type [com.xueyi.exam.config.ShiroConfig$$EnhancerBySpringCGLIB$$71439515] is not eligible for getting processed by all BeanPostProcessors (for example: not eligible for auto-proxying)
2020-12-10 13:04:45.702  INFO 14568 --- [main] trationDelegate$BeanPostProcessorChecker : Bean 'mybatis-plus-com.baomidou.mybatisplus.autoconfigure.MybatisPlusProperties' of type [com.baomidou.mybatisplus.autoconfigure.MybatisPlusProperties] is not eligible for getting processed by all BeanPostProcessors (for example: not eligible for auto-proxying)
2020-12-10 13:04:45.705  INFO 14568 --- [main] trationDelegate$BeanPostProcessorChecker : Bean 'myBatisPlusConfig' of type [com.xueyi.exam.config.MyBatisPlusConfig$$EnhancerBySpringCGLIB$$d9a41b91] is not eligible for getting processed by all BeanPostProcessors (for example: not eligible for auto-proxying)
2020-12-10 13:04:45.711  INFO 14568 --- [main] trationDelegate$BeanPostProcessorChecker : Bean 'paginationInterceptor' of type [com.baomidou.mybatisplus.extension.plugins.PaginationInterceptor] is not eligible for getting processed by all BeanPostProcessors (for example: not eligible for auto-proxying)
2020-12-10 13:04:45.715  INFO 14568 --- [main] trationDelegate$BeanPostProcessorChecker : Bean 'com.baomidou.mybatisplus.autoconfigure.MybatisPlusAutoConfiguration' of type [com.baomidou.mybatisplus.autoconfigure.MybatisPlusAutoConfiguration$$EnhancerBySpringCGLIB$$23c4677] is not eligible for getting processed by all BeanPostProcessors (for example: not eligible for auto-proxying)
2020-12-10 13:04:45.716  INFO 14568 --- [main] trationDelegate$BeanPostProcessorChecker : Bean 'org.springframework.boot.autoconfigure.jdbc.DataSourceConfiguration$Hikari' of type [org.springframework.boot.autoconfigure.jdbc.DataSourceConfiguration$Hikari] is not eligible for getting processed by all BeanPostProcessors (for example: not eligible for auto-proxying)
2020-12-10 13:04:45.723  INFO 14568 --- [main] trationDelegate$BeanPostProcessorChecker : Bean 'spring.datasource-org.springframework.boot.autoconfigure.jdbc.DataSourceProperties' of type [org.springframework.boot.autoconfigure.jdbc.DataSourceProperties] is not eligible for getting processed by all BeanPostProcessors (for example: not eligible for auto-proxying)
2020-12-10 13:04:45.739  INFO 14568 --- [main] trationDelegate$BeanPostProcessorChecker : Bean 'dataSource' of type [com.zaxxer.hikari.HikariDataSource] is not eligible for getting processed by all BeanPostProcessors (for example: not eligible for auto-proxying)
2020-12-10 13:04:46.186  INFO 14568 --- [main] trationDelegate$BeanPostProcessorChecker : Bean 'sqlSessionFactory' of type [org.apache.ibatis.session.defaults.DefaultSqlSessionFactory] is not eligible for getting processed by all BeanPostProcessors (for example: not eligible for auto-proxying)
2020-12-10 13:04:46.189  INFO 14568 --- [main] trationDelegate$BeanPostProcessorChecker : Bean 'sqlSessionTemplate' of type [org.mybatis.spring.SqlSessionTemplate] is not eligible for getting processed by all BeanPostProcessors (for example: not eligible for auto-proxying)
2020-12-10 13:04:46.190  INFO 14568 --- [main] trationDelegate$BeanPostProcessorChecker : Bean 'studentMapper' of type [org.mybatis.spring.mapper.MapperFactoryBean] is not eligible for getting processed by all BeanPostProcessors (for example: not eligible for auto-proxying)
2020-12-10 13:04:46.192  INFO 14568 --- [main] trationDelegate$BeanPostProcessorChecker : Bean 'studentMapper' of type [com.sun.proxy.$Proxy55] is not eligible for getting processed by all BeanPostProcessors (for example: not eligible for auto-proxying)
2020-12-10 13:04:46.193  INFO 14568 --- [main] trationDelegate$BeanPostProcessorChecker : Bean 'studentServiceImpl' of type [com.xueyi.exam.service.impl.StudentServiceImpl] is not eligible for getting processed by all BeanPostProcessors (for example: not eligible for auto-proxying)
2020-12-10 13:04:46.217  INFO 14568 --- [main] trationDelegate$BeanPostProcessorChecker : Bean 'teacherMapper' of type [org.mybatis.spring.mapper.MapperFactoryBean] is not eligible for getting processed by all BeanPostProcessors (for example: not eligible for auto-proxying)
2020-12-10 13:04:46.217  INFO 14568 --- [main] trationDelegate$BeanPostProcessorChecker : Bean 'teacherMapper' of type [com.sun.proxy.$Proxy57] is not eligible for getting processed by all BeanPostProcessors (for example: not eligible for auto-proxying)
2020-12-10 13:04:46.218  INFO 14568 --- [main] trationDelegate$BeanPostProcessorChecker : Bean 'teacherServiceImpl' of type [com.xueyi.exam.service.impl.TeacherServiceImpl] is not eligible for getting processed by all BeanPostProcessors (for example: not eligible for auto-proxying)
2020-12-10 13:04:46.218  INFO 14568 --- [main] trationDelegate$BeanPostProcessorChecker : Bean 'userRealm' of type [com.xueyi.exam.shiro.UserRealm] is not eligible for getting processed by all BeanPostProcessors (for example: not eligible for auto-proxying)
2020-12-10 13:04:46.220  INFO 14568 --- [main] trationDelegate$BeanPostProcessorChecker : Bean 'securityManager' of type [org.apache.shiro.web.mgt.DefaultWebSecurityManager] is not eligible for getting processed by all BeanPostProcessors (for example: not eligible for auto-proxying)
2020-12-10 13:04:46.242  INFO 14568 --- [main] trationDelegate$BeanPostProcessorChecker : Bean 'authorizationAttributeSourceAdvisor' of type [org.apache.shiro.spring.security.interceptor.AuthorizationAttributeSourceAdvisor] is not eligible for getting processed by all BeanPostProcessors (for example: not eligible for auto-proxying)
2020-12-10 13:04:46.488  INFO 14568 --- [main] o.s.b.w.embedded.tomcat.TomcatWebServer  : Tomcat initialized with port(s): 8080 (http)
2020-12-10 13:04:46.496  INFO 14568 --- [main] o.apache.catalina.core.StandardService   : Starting service [Tomcat]
2020-12-10 13:04:46.496  INFO 14568 --- [main] org.apache.catalina.core.StandardEngine  : Starting Servlet engine: [Apache Tomcat/9.0.39]
2020-12-10 13:04:46.557  INFO 14568 --- [main] o.a.c.c.C.[Tomcat].[localhost].[/]       : Initializing Spring embedded WebApplicationContext
2020-12-10 13:04:46.558  INFO 14568 --- [main] w.s.c.ServletWebServerApplicationContext : Root WebApplicationContext: initialization completed in 1980 ms
2020-12-10 13:04:47.369  INFO 14568 --- [main] o.s.s.concurrent.ThreadPoolTaskExecutor  : Initializing ExecutorService 'applicationTaskExecutor'
2020-12-10 13:04:47.443  INFO 14568 --- [main] o.s.b.a.w.s.WelcomePageHandlerMapping    : Adding welcome page template: index
2020-12-10 13:04:47.701  INFO 14568 --- [main] o.s.b.w.embedded.tomcat.TomcatWebServer  : Tomcat started on port(s): 8080 (http) with context path ''
2020-12-10 13:04:47.711  INFO 14568 --- [main] com.xueyi.exam.ExamApplication           : Started ExamApplication in 3.724 seconds (JVM running for 4.483)
2020-12-10 13:07:58.373  INFO 14568 --- [http-nio-8080-exec-1] o.a.c.c.C.[Tomcat].[localhost].[/]       : Initializing Spring DispatcherServlet 'dispatcherServlet'
2020-12-10 13:07:58.374  INFO 14568 --- [http-nio-8080-exec-1] o.s.web.servlet.DispatcherServlet        : Initializing Servlet 'dispatcherServlet'
2020-12-10 13:07:58.375  INFO 14568 --- [http-nio-8080-exec-1] o.s.web.servlet.DispatcherServlet        : Completed initialization in 1 ms
2020-12-10 13:08:09.642  INFO 14568 --- [http-nio-8080-exec-7] com.zaxxer.hikari.HikariDataSource       : HikariPool-1 - Starting...
2020-12-10 13:08:09.738  INFO 14568 --- [http-nio-8080-exec-7] com.zaxxer.hikari.HikariDataSource       : HikariPool-1 - Start completed.
